state	min	max	median	shifts	jumps	jumpvar	SE	root	lnL	lnLp	qlnL.p	qlnL.h
100	0.019	0.019	0.019	0	0	0.000	0.163	4.166	-4.94	-1135.36	0.00	0.00
200	0.020	0.020	0.020	0	0	0.000	0.050	4.192	3.15	-1135.36	0.00	-6.77
300	0.015	0.015	0.015	0	1	1.416	0.019	3.899	9.46	-1136.40	-0.00	0.00
400	0.018	0.018	0.018	0	1	1.875	0.014	3.899	9.05	-1136.41	0.00	0.00
500	0.016	0.016	0.016	0	2	1.032	0.021	4.197	12.15	-1137.10	0.00	-6.98
600	0.016	0.016	0.016	0	1	0.944	0.021	4.197	7.95	-1136.40	0.00	-6.98
700	0.015	0.015	0.015	0	2	0.229	0.016	3.811	9.71	-1137.09	0.69	0.00
800	0.013	0.013	0.013	0	1	0.242	0.016	3.981	8.13	-1136.40	0.69	0.00
900	0.025	0.025	0.025	0	0	0.000	0.014	4.274	1.49	-1135.36	0.00	-6.55
1000	0.017	0.017	0.017	0	1	0.263	0.015	4.106	3.81	-1136.40	-0.69	0.00
1100	0.017	0.017	0.017	0	1	0.963	0.054	4.106	7.37	-1136.40	1.04	0.00
1200	0.015	0.015	0.015	0	3	0.139	0.054	4.106	11.86	-1137.50	-0.00	0.00
1300	0.015	0.015	0.015	0	2	0.323	0.040	4.106	13.65	-1137.10	0.69	0.00
1400	0.011	0.011	0.011	0	3	0.447	0.040	4.102	12.35	-1137.50	0.00	-7.37
1500	0.014	0.014	0.014	0	2	0.520	0.026	4.102	14.61	-1137.10	0.00	0.00
1600	0.019	0.019	0.019	0	3	0.156	0.017	4.102	11.98	-1137.50	0.00	-6.84
1700	0.017	0.017	0.017	0	4	0.427	0.019	4.229	11.32	-1137.79	0.00	-0.27
1800	0.012	0.012	0.012	0	2	1.102	0.024	4.229	15.70	-1137.10	0.00	0.00
1900	0.017	0.017	0.017	0	3	2.013	0.047	4.229	12.26	-1137.51	0.00	0.00
2000	0.012	0.012	0.012	0	1	3.053	0.020	4.229	9.58	-1136.41	-0.00	0.32
2100	0.017	0.017	0.017	0	1	3.806	0.023	4.229	9.87	-1136.41	-0.00	0.16
2200	0.015	0.015	0.015	0	2	5.626	0.024	3.840	13.34	-1137.11	0.70	0.00
2300	0.012	0.012	0.012	0	2	8.854	0.035	3.840	15.90	-1137.12	0.00	-7.28
2400	0.011	0.011	0.011	0	3	4.739	0.022	4.009	15.97	-1137.52	-0.29	0.00
2500	0.013	0.013	0.013	0	4	6.542	0.030	4.009	14.97	-1137.82	-0.01	0.19
2600	0.012	0.012	0.012	0	2	5.050	0.034	4.009	18.17	-1137.11	0.00	0.00
2700	0.013	0.013	0.013	0	2	1.996	0.046	4.009	18.17	-1137.10	-0.00	0.00
2800	0.013	0.013	0.013	0	2	1.668	0.046	4.009	18.12	-1137.10	0.00	0.00
2900	0.012	0.012	0.012	0	3	3.846	0.045	4.009	19.06	-1137.51	-0.29	0.00
3000	0.011	0.011	0.011	0	4	1.996	0.047	4.029	18.54	-1137.80	0.00	-7.35
3100	0.008	0.008	0.008	0	3	1.808	0.047	4.003	19.24	-1137.51	0.00	0.00
3200	0.010	0.010	0.010	0	3	3.826	0.017	4.003	16.29	-1137.51	0.00	-7.50
3300	0.013	0.013	0.013	0	2	5.410	0.017	4.003	18.54	-1137.11	0.00	0.00
3400	0.009	0.009	0.009	0	2	15.028	0.017	4.003	16.06	-1137.14	0.00	-0.05
3500	0.012	0.012	0.012	0	2	14.989	0.034	4.003	17.04	-1137.14	0.00	0.00
3600	0.014	0.014	0.014	0	2	16.212	0.027	4.003	16.72	-1137.14	0.00	-7.15
3700	0.013	0.013	0.013	0	2	7.870	0.001	4.003	18.37	-1137.12	-0.00	0.00
3800	0.013	0.013	0.013	0	2	11.884	0.001	4.003	18.01	-1137.13	0.00	0.00
3900	0.010	0.010	0.010	0	2	13.098	0.001	4.003	17.27	-1137.13	0.00	0.00
4000	0.014	0.014	0.014	0	2	10.504	0.001	4.049	17.55	-1137.13	0.70	0.00
4100	0.012	0.012	0.012	0	3	13.311	0.001	4.049	15.18	-1137.55	0.00	0.00
4200	0.015	0.015	0.015	0	2	14.049	0.001	4.049	16.10	-1137.14	-0.42	0.00
4300	0.010	0.010	0.010	0	3	13.546	0.001	4.076	13.15	-1137.55	0.00	-7.48
4400	0.014	0.014	0.014	0	2	29.623	0.000	4.076	15.71	-1137.18	0.00	0.00
4500	0.012	0.012	0.012	0	2	18.712	0.001	4.076	16.59	-1137.15	-0.00	0.00
4600	0.014	0.014	0.014	0	2	19.571	0.000	4.076	15.93	-1137.15	-0.00	0.00
4700	0.014	0.014	0.014	0	0	0.000	0.000	4.076	3.99	-1135.36	0.00	0.00
4800	0.016	0.016	0.016	0	0	0.000	0.013	4.271	2.26	-1135.36	-1.06	0.00
4900	0.023	0.023	0.023	0	0	0.000	0.013	4.271	2.16	-1135.36	-0.00	0.00
5000	0.022	0.022	0.022	0	0	0.000	0.034	3.885	2.97	-1135.36	-0.00	0.00
5100	0.021	0.021	0.021	0	0	0.000	0.020	3.978	4.52	-1135.36	-0.00	0.00
5200	0.015	0.015	0.015	0	0	0.000	0.023	3.978	4.20	-1135.36	0.00	0.00
5300	0.010	0.132	0.010	1	0	0.000	0.027	3.974	10.67	-1135.73	0.00	0.00
5400	0.021	0.196	0.021	1	0	0.000	0.015	4.211	9.64	-1135.73	-1.06	0.00
5500	0.021	0.021	0.021	0	0	0.000	0.015	4.015	4.75	-1135.36	0.00	0.00
5600	0.021	0.021	0.021	0	0	0.000	0.034	4.114	4.11	-1135.36	-1.06	0.00
5700	0.019	0.019	0.019	0	0	0.000	0.071	4.114	3.02	-1135.36	-1.08	0.00
5800	0.014	0.014	0.014	0	0	0.000	0.071	4.114	2.48	-1135.36	0.00	0.00
5900	0.023	0.023	0.023	0	0	0.000	0.080	4.114	1.31	-1135.36	0.00	0.00
6000	0.018	0.018	0.018	0	0	0.000	0.046	4.011	4.37	-1135.36	-0.00	0.00
6100	0.014	0.014	0.014	0	0	0.000	0.042	4.030	3.54	-1135.36	0.00	0.00
6200	0.024	0.024	0.024	0	0	0.000	0.020	4.030	3.63	-1135.36	-0.00	0.00
6300	0.015	0.167	0.015	1	1	17.767	0.033	4.030	17.56	-1136.80	0.00	0.00
6400	0.013	0.164	0.013	1	1	17.964	0.026	4.030	18.72	-1136.80	-0.08	0.00
6500	0.016	0.179	0.016	1	0	0.000	0.032	4.030	12.62	-1135.73	-0.01	0.00
6600	0.013	0.137	0.013	1	1	13.632	0.032	4.030	18.75	-1136.79	0.00	0.00
6700	0.018	0.143	0.018	1	0	0.000	0.027	4.054	12.04	-1135.73	0.00	-6.93
6800	0.013	0.138	0.013	1	0	0.000	0.011	4.054	13.48	-1135.73	0.00	-0.25
6900	0.018	0.131	0.018	1	0	0.000	0.015	4.054	11.35	-1135.73	-0.05	0.00
7000	0.014	0.014	0.014	0	0	0.000	0.008	4.028	3.80	-1135.36	0.00	-7.13
7100	0.014	0.014	0.014	0	0	0.000	0.016	4.028	3.60	-1135.36	0.00	-7.15
7200	0.018	0.018	0.018	0	1	15.674	0.007	4.028	11.09	-1136.43	0.00	0.00
7300	0.014	0.014	0.014	0	1	6.284	0.007	4.028	9.12	-1136.41	-0.00	0.00
7400	0.014	0.014	0.014	0	1	3.423	0.006	4.028	9.57	-1136.41	0.00	-7.14
7500	0.022	0.022	0.022	0	0	0.000	0.008	4.028	4.60	-1135.36	-0.00	0.00
7600	0.015	0.300	0.015	1	1	1.313	0.004	4.028	15.77	-1136.77	0.00	0.69
7700	0.014	0.074	0.014	1	0	0.000	0.006	3.953	12.42	-1135.73	-0.03	0.00
7800	0.015	0.315	0.015	1	0	0.000	0.007	3.953	12.93	-1135.73	-0.05	0.00
7900	0.012	0.383	0.012	1	1	1.095	0.010	3.953	11.64	-1136.77	0.00	0.00
8000	0.016	0.500	0.016	1	0	0.000	0.010	3.953	12.62	-1135.73	-0.00	-0.69
8100	0.014	0.373	0.014	1	0	0.000	0.010	4.030	13.50	-1135.73	-0.04	0.00
8200	0.015	0.373	0.015	1	2	0.341	0.010	4.030	10.75	-1137.46	-0.41	0.00
8300	0.013	0.290	0.013	1	4	0.814	0.010	4.030	15.61	-1138.16	0.00	-0.15
8400	0.010	0.260	0.010	1	2	0.920	0.010	4.030	15.41	-1137.46	0.00	-7.53
8500	0.015	0.359	0.015	1	2	0.781	0.011	4.030	17.88	-1137.46	0.00	-7.13
8600	0.009	0.260	0.009	1	6	1.018	0.001	4.030	20.57	-1138.57	-0.06	0.00
8700	0.010	0.232	0.010	1	3	1.790	0.001	4.030	19.78	-1137.87	-0.04	0.00
8800	0.014	0.598	0.014	1	1	2.622	0.001	4.016	17.20	-1136.78	0.00	0.00
8900	0.011	0.372	0.011	1	1	0.964	0.020	3.917	19.47	-1136.77	0.00	0.00
9000	0.013	0.303	0.013	1	3	0.149	0.020	3.943	18.01	-1137.87	-0.41	0.00
9100	0.009	0.227	0.009	1	8	0.155	0.020	3.943	13.09	-1138.85	0.00	-7.60
9200	0.014	0.345	0.014	1	4	0.180	0.020	3.943	17.38	-1138.15	-0.00	-0.69
9300	0.009	0.345	0.009	1	3	0.164	0.020	3.943	23.51	-1137.87	0.00	-0.33
9400	0.013	0.296	0.013	1	2	0.706	0.020	3.943	23.73	-1137.46	-0.07	0.00
9500	0.009	0.296	0.009	1	2	1.537	0.012	3.943	25.27	-1137.47	-0.00	-0.69
9600	0.010	0.425	0.010	1	2	3.824	0.012	3.943	24.51	-1137.47	0.00	0.69
9700	0.010	0.503	0.010	1	2	1.087	0.009	3.943	25.35	-1137.46	0.00	0.00
9800	0.010	0.531	0.010	1	3	0.578	0.024	3.943	24.52	-1137.87	0.00	-7.49
9900	0.013	0.572	0.013	1	2	1.765	0.024	3.974	22.38	-1137.47	-0.00	0.46
10000	0.013	0.765	0.013	1	1	1.365	0.034	3.974	19.01	-1136.77	-0.00	0.00
10100	0.016	0.539	0.016	1	1	1.365	0.034	3.974	17.41	-1136.77	-0.69	0.00
10200	0.014	0.237	0.014	1	1	1.110	0.048	3.974	18.36	-1136.77	0.00	-7.20
10300	0.009	0.136	0.009	1	1	1.110	0.048	4.139	16.99	-1136.77	-0.69	0.00
10400	0.012	0.528	0.012	1	1	1.621	0.050	4.139	13.80	-1136.77	-0.69	0.00
10500	0.015	0.642	0.015	1	2	3.197	0.012	4.139	15.77	-1137.47	0.00	0.69
10600	0.012	0.524	0.012	1	1	3.092	0.011	3.972	20.12	-1136.77	-0.00	0.00
10700	0.013	0.623	0.013	1	1	3.369	0.015	3.972	17.36	-1136.78	0.00	0.00
10800	0.010	0.400	0.010	1	1	0.986	0.015	4.091	17.92	-1136.77	0.00	0.00
10900	0.011	0.355	0.011	1	1	1.225	0.024	4.091	19.80	-1136.77	-0.07	0.00
11000	0.015	0.391	0.015	1	1	0.159	0.023	4.091	18.16	-1136.77	0.00	-0.15
11100	0.011	0.384	0.011	1	1	1.454	0.042	4.091	16.99	-1136.77	-0.00	-0.69
11200	0.010	0.490	0.010	1	2	1.777	0.046	3.931	24.72	-1137.47	0.00	0.00
11300	0.008	0.343	0.008	1	4	2.381	0.046	3.931	26.84	-1138.17	-0.00	-0.69
11400	0.009	0.523	0.009	1	2	2.193	0.055	3.931	27.87	-1137.47	-0.00	0.00
11500	0.008	0.559	0.008	1	2	2.500	0.055	3.905	28.10	-1137.47	0.00	-7.72
11600	0.008	0.712	0.008	1	2	1.140	0.055	3.905	28.14	-1137.46	0.00	-0.03
11700	0.009	0.453	0.009	1	2	0.896	0.055	3.905	28.51	-1137.46	-0.00	0.00
11800	0.009	0.268	0.009	1	2	1.603	0.068	3.970	27.14	-1137.47	-0.04	0.00
11900	0.007	0.328	0.007	1	2	1.900	0.068	3.961	28.10	-1137.47	0.00	0.00
12000	0.010	0.376	0.010	1	2	2.362	0.073	3.986	25.58	-1137.47	-0.00	0.15
12100	0.007	0.546	0.007	1	3	1.684	0.050	3.986	32.68	-1137.87	-0.00	0.00
12200	0.008	0.561	0.008	1	2	3.834	0.052	3.986	28.00	-1137.47	-0.41	0.00
12300	0.007	0.388	0.007	1	2	3.853	0.074	3.986	26.75	-1137.47	-0.00	-0.69
12400	0.008	0.176	0.008	1	2	3.220	0.074	4.060	25.35	-1137.47	0.00	-7.68
12500	0.007	0.125	0.007	1	2	2.247	0.033	4.060	26.22	-1137.47	-0.41	0.00
12600	0.009	0.196	0.009	1	4	2.605	0.033	3.927	26.39	-1138.17	-0.00	0.00
12700	0.007	0.178	0.007	1	2	2.340	0.016	3.929	28.12	-1137.47	0.00	-7.88
12800	0.009	0.226	0.009	1	2	5.851	0.019	3.929	27.87	-1137.48	-0.41	0.00
12900	0.007	0.188	0.007	1	3	3.876	0.047	3.929	27.87	-1137.88	-0.41	0.00
13000	0.008	0.137	0.008	1	2	3.402	0.047	3.929	28.66	-1137.47	0.00	-7.69
13100	0.007	0.110	0.007	1	2	2.024	0.025	3.929	29.75	-1137.47	0.70	0.00
13200	0.008	0.121	0.008	1	2	3.931	0.029	3.929	29.32	-1137.47	0.00	-7.70
13300	0.009	0.215	0.009	1	2	2.513	0.036	3.929	29.26	-1137.47	-0.00	0.30
13400	0.009	0.242	0.009	1	3	2.363	0.022	3.949	28.37	-1137.88	-0.00	-0.69
13500	0.008	0.365	0.008	1	2	2.592	0.022	3.949	29.81	-1137.47	0.70	0.00
13600	0.009	0.345	0.009	1	2	5.505	0.036	3.942	28.25	-1137.48	0.00	0.00
13700	0.007	0.258	0.007	1	2	10.077	0.036	3.942	28.38	-1137.49	0.00	-7.81
13800	0.012	0.328	0.012	1	2	8.193	0.042	3.942	25.37	-1137.49	-0.03	0.00
13900	0.010	0.576	0.010	1	2	10.787	0.042	3.961	24.75	-1137.49	0.70	0.00
14000	0.008	0.746	0.008	1	2	10.556	0.042	3.961	25.12	-1137.49	0.00	-7.74
14100	0.009	0.618	0.009	1	2	9.641	0.051	3.963	26.86	-1137.49	0.70	0.00
14200	0.006	0.446	0.006	1	2	3.522	0.051	3.963	28.21	-1137.47	-0.03	0.00
14300	0.007	0.620	0.007	1	3	4.098	0.051	3.963	24.65	-1137.89	-0.00	0.48
14400	0.008	1.067	0.008	1	2	5.000	0.051	3.880	24.51	-1137.48	-0.05	0.00
14500	0.008	1.093	0.008	1	2	5.256	0.051	3.880	26.95	-1137.48	0.00	0.00
14600	0.009	1.630	0.009	1	2	5.114	0.051	3.880	26.46	-1137.48	-0.00	0.17
14700	0.008	1.620	0.008	1	2	3.957	0.051	3.880	26.97	-1137.47	-0.04	0.00
14800	0.008	1.866	0.008	1	2	5.190	0.051	3.880	26.57	-1137.48	0.00	-7.76
14900	0.008	2.031	0.008	1	2	6.642	0.044	3.880	26.67	-1137.48	0.00	0.69
15000	0.010	2.697	0.010	1	2	10.830	0.044	3.830	24.86	-1137.49	0.00	-7.52
15100	0.008	2.172	0.008	1	2	7.019	0.028	3.994	27.25	-1137.49	0.00	0.69
15200	0.013	1.386	0.013	1	2	4.987	0.039	3.994	24.25	-1137.48	0.00	-7.23
15300	0.007	1.116	0.007	1	2	5.646	0.033	3.994	26.88	-1137.48	-0.41	0.00
15400	0.009	2.019	0.009	1	2	9.135	0.000	3.994	27.22	-1137.49	0.00	0.69
15500	0.008	1.647	0.008	1	2	14.512	0.021	3.994	26.93	-1137.51	0.00	0.00
15600	0.008	1.527	0.008	1	2	21.739	0.021	3.994	26.16	-1137.53	0.00	0.00
15700	0.008	1.618	0.008	1	2	21.570	0.021	3.994	26.28	-1137.53	-0.00	-0.69
15800	0.010	2.332	0.010	1	2	16.534	0.021	3.769	23.80	-1137.51	0.71	0.00
15900	0.009	1.432	0.009	1	2	8.547	0.021	3.769	24.76	-1137.49	-0.00	0.22
16000	0.010	0.862	0.010	1	3	2.570	0.013	3.955	28.10	-1137.88	-0.03	0.00
16100	0.010	1.020	0.010	1	3	3.624	0.013	3.955	25.57	-1137.88	0.00	0.69
16200	0.009	1.104	0.009	1	2	5.774	0.011	3.955	28.06	-1137.48	0.00	0.00
16300	0.009	1.128	0.009	1	2	12.609	0.004	3.955	27.75	-1137.50	-0.00	-0.69
16400	0.009	1.128	0.009	1	2	11.904	0.008	3.955	27.70	-1137.50	-0.01	0.00
16500	0.009	1.008	0.009	1	2	11.429	0.008	3.955	27.46	-1137.49	0.00	0.00
16600	0.009	1.043	0.009	1	2	7.839	0.007	3.955	27.80	-1137.48	0.00	-7.59
16700	0.008	0.473	0.008	1	2	5.368	0.039	3.867	28.00	-1137.48	0.00	0.00
16800	0.009	0.357	0.009	1	2	4.985	0.045	3.867	27.29	-1137.48	0.00	0.69
16900	0.007	0.300	0.007	1	2	5.603	0.047	3.867	27.81	-1137.48	-0.00	0.00
17000	0.008	0.659	0.008	1	2	10.611	0.026	3.867	27.55	-1137.49	0.00	-0.25
17100	0.008	0.594	0.008	1	2	12.412	0.024	3.867	27.54	-1137.50	0.00	0.11
17200	0.010	0.602	0.010	1	2	11.511	0.024	3.867	26.60	-1137.50	-0.42	0.00
17300	0.008	0.602	0.008	1	2	22.681	0.024	4.039	26.58	-1137.53	0.00	0.00
17400	0.010	0.485	0.010	1	3	26.191	0.015	4.039	23.46	-1137.97	-0.02	0.00
17500	0.008	0.152	0.008	1	3	19.018	0.015	4.039	23.96	-1137.94	0.00	0.00
17600	0.006	0.132	0.006	1	2	15.821	0.022	3.908	25.92	-1137.51	0.00	0.00
17700	0.007	0.238	0.007	1	2	18.230	0.021	3.908	25.96	-1137.51	0.00	0.00
17800	0.010	0.228	0.010	1	3	29.453	0.021	3.908	21.41	-1137.98	0.00	0.00
17900	0.008	0.319	0.008	1	2	56.362	0.030	3.908	24.77	-1137.63	0.00	-7.75
18000	0.008	0.330	0.008	1	2	40.859	0.030	3.908	25.03	-1137.58	-0.00	0.00
18100	0.007	0.330	0.007	1	2	40.677	0.030	4.024	24.22	-1137.58	0.00	0.00
18200	0.007	0.095	0.007	1	2	28.568	0.019	4.024	26.63	-1137.55	-0.00	0.00
18300	0.010	0.125	0.010	1	2	34.936	0.008	4.024	26.08	-1137.56	0.73	0.00
18400	0.009	0.177	0.009	1	2	26.886	0.007	3.896	27.74	-1137.54	0.00	0.00
18500	0.007	0.146	0.007	1	3	15.202	0.007	3.896	23.71	-1137.93	0.00	0.00
18600	0.009	0.123	0.009	1	2	30.484	0.007	3.896	21.08	-1137.55	0.00	-7.65
18700	0.013	0.174	0.013	1	2	29.848	0.007	3.896	21.11	-1137.55	0.00	0.00
18800	0.012	0.098	0.012	1	1	14.881	0.011	3.896	16.60	-1136.80	0.01	-0.18
18900	0.010	0.125	0.010	1	1	5.647	0.011	3.896	17.25	-1136.78	0.00	-7.49
19000	0.011	0.160	0.011	1	2	8.412	0.010	3.815	16.03	-1137.49	0.00	-7.52
19100	0.012	0.243	0.012	1	2	15.153	0.016	3.815	15.77	-1137.51	-0.00	-0.69
19200	0.010	0.258	0.010	1	2	15.177	0.012	3.815	14.15	-1137.51	-0.00	-0.69
19300	0.013	0.091	0.013	1	1	21.915	0.018	3.815	14.82	-1136.81	-0.01	0.00
19400	0.012	0.100	0.012	1	0	0.000	0.022	4.166	11.85	-1135.73	-0.04	0.00
19500	0.016	0.393	0.016	1	0	0.000	0.019	4.166	12.13	-1135.73	0.00	-7.02
19600	0.019	0.660	0.019	1	0	0.000	0.021	4.166	10.72	-1135.73	-0.00	0.00
19700	0.013	0.550	0.013	1	0	0.000	0.018	4.166	12.10	-1135.73	0.00	-7.26
19800	0.019	1.303	0.019	1	0	0.000	0.016	4.166	9.99	-1135.73	0.00	-6.85
19900	0.012	1.360	0.012	1	0	0.000	0.016	3.962	11.58	-1135.73	-0.00	-0.69
20000	0.017	2.041	0.017	1	0	0.000	0.016	3.962	11.78	-1135.73	-0.02	0.00
20100	0.014	2.735	0.014	1	0	0.000	0.012	3.821	9.45	-1135.73	0.00	7.96
20200	0.017	1.792	0.017	1	0	0.000	0.012	4.024	12.17	-1135.73	0.00	0.00
20300	0.010	1.372	0.010	1	0	0.000	0.014	4.070	10.69	-1135.73	-0.01	0.00
20400	0.012	1.377	0.012	1	0	0.000	0.020	4.104	11.80	-1135.73	-0.00	-0.69
20500	0.015	1.568	0.015	1	0	0.000	0.020	4.104	12.44	-1135.73	0.00	-7.06
20600	0.013	1.256	0.013	1	0	0.000	0.026	4.094	12.08	-1135.73	0.00	-7.23
20700	0.016	0.915	0.016	1	0	0.000	0.033	4.094	11.89	-1135.73	0.00	-6.99
20800	0.010	0.915	0.010	1	2	9.325	0.039	4.094	14.57	-1137.49	-0.00	0.16
20900	0.015	0.843	0.015	1	1	6.126	0.039	4.094	15.67	-1136.78	1.05	0.00
21000	0.012	0.716	0.012	1	1	10.468	0.036	4.094	17.03	-1136.79	0.00	-7.27
21100	0.013	0.698	0.013	1	1	8.549	0.012	4.094	17.91	-1136.78	-0.08	0.00
21200	0.012	1.102	0.012	1	1	11.439	0.012	3.845	14.23	-1136.80	-0.00	-0.69
21300	0.013	1.301	0.013	1	1	19.922	0.014	3.845	16.06	-1136.81	0.00	0.00
21400	0.009	0.916	0.009	1	1	21.139	0.010	3.845	15.36	-1136.81	0.00	0.69
21500	0.011	1.154	0.011	1	1	21.392	0.010	3.845	16.33	-1136.81	0.00	0.69
21600	0.012	1.162	0.012	1	1	31.852	0.007	3.845	16.99	-1136.83	-0.03	0.00
21700	0.010	0.723	0.010	1	1	38.838	0.003	3.923	18.03	-1136.85	0.00	0.00
21800	0.013	0.947	0.013	1	1	46.342	0.028	3.920	17.04	-1136.86	1.09	0.00
21900	0.012	0.744	0.012	1	2	46.235	0.028	3.920	15.09	-1137.60	-0.00	-0.69
22000	0.014	0.384	0.014	1	1	46.766	0.028	3.920	17.56	-1136.86	0.00	-7.21
22100	0.013	0.340	0.013	1	1	29.199	0.025	3.920	16.29	-1136.83	-0.00	-0.69
22200	0.012	0.293	0.012	1	1	37.261	0.024	3.920	17.85	-1136.84	-0.01	0.00
22300	0.014	0.415	0.014	1	1	18.439	0.021	4.146	16.75	-1136.81	1.06	0.00
22400	0.014	0.298	0.014	1	0	0.000	0.033	4.146	12.28	-1135.73	0.00	-12.06
22500	0.014	0.206	0.014	1	0	0.000	0.048	4.146	10.02	-1135.73	0.00	0.46
22600	0.016	0.327	0.016	1	0	0.000	0.024	4.146	12.44	-1135.73	-0.03	0.00
22700	0.017	0.017	0.017	0	1	25.272	0.037	4.146	9.87	-1136.45	0.00	0.00
22800	0.010	0.010	0.010	0	3	32.536	0.031	4.146	20.51	-1137.63	0.44	0.00
22900	0.009	0.009	0.009	0	3	45.032	0.029	3.921	24.02	-1137.68	0.45	0.00
23000	0.009	0.009	0.009	0	3	36.112	0.050	3.905	23.27	-1137.64	-0.00	0.00
23100	0.008	0.008	0.008	0	3	54.609	0.050	3.905	23.07	-1137.72	0.00	0.00
23200	0.006	0.006	0.006	0	3	34.138	0.050	3.905	23.10	-1137.63	0.00	0.00
23300	0.009	0.009	0.009	0	3	13.183	0.044	3.905	25.35	-1137.55	-0.00	0.00
23400	0.007	0.007	0.007	0	3	9.203	0.014	3.905	25.66	-1137.54	0.41	0.00
23500	0.008	0.008	0.008	0	4	13.976	0.014	3.905	24.59	-1137.86	-0.30	0.00
23600	0.009	0.009	0.009	0	4	9.171	0.012	3.905	25.34	-1137.83	0.00	0.00
23700	0.012	0.012	0.012	0	5	8.292	0.026	3.905	20.96	-1138.06	0.23	0.00
23800	0.006	0.006	0.006	0	6	10.615	0.026	3.987	22.44	-1138.27	0.19	0.00
23900	0.009	0.009	0.009	0	4	13.025	0.026	3.936	28.52	-1137.85	-0.24	0.00
24000	0.005	0.005	0.005	0	4	7.390	0.077	3.936	28.49	-1137.82	0.00	-8.11
24100	0.005	0.005	0.005	0	5	3.691	0.069	3.967	28.60	-1138.03	0.00	0.00
24200	0.004	0.004	0.004	0	5	1.942	0.069	3.967	28.56	-1138.02	-0.00	0.00
24300	0.006	0.006	0.006	0	8	0.296	0.061	3.967	30.63	-1138.48	0.00	0.00
24400	0.007	0.007	0.007	0	8	0.286	0.038	4.014	31.83	-1138.48	0.00	-7.84
24500	0.007	0.007	0.007	0	4	0.677	0.030	3.993	33.41	-1137.79	-0.22	0.00
24600	0.008	0.008	0.008	0	4	0.819	0.026	3.993	33.21	-1137.79	-0.00	0.00
24700	0.007	0.007	0.007	0	5	1.015	0.026	3.993	31.07	-1138.02	-0.18	0.00
24800	0.007	0.007	0.007	0	4	1.638	0.017	3.920	32.86	-1137.79	0.29	0.00
24900	0.009	0.009	0.009	0	4	0.512	0.017	4.067	31.89	-1137.79	0.00	-7.61
25000	0.006	0.006	0.006	0	6	0.308	0.006	3.946	33.69	-1138.19	-0.00	0.00
25100	0.006	0.006	0.006	0	9	0.249	0.006	3.946	35.06	-1138.60	0.00	0.00
25200	0.008	0.008	0.008	0	12	0.313	0.009	3.946	29.21	-1138.89	0.00	-7.71
25300	0.009	0.009	0.009	0	8	0.347	0.009	4.071	32.13	-1138.48	-0.00	0.00
25400	0.009	0.009	0.009	0	8	0.306	0.008	4.071	34.55	-1138.48	-0.00	0.00
25500	0.006	0.006	0.006	0	13	0.354	0.012	3.850	32.72	-1138.97	0.00	-8.01
25600	0.007	0.007	0.007	0	10	0.698	0.012	4.106	32.63	-1138.71	0.00	0.00
25700	0.008	0.008	0.008	0	5	0.441	0.019	3.811	33.99	-1138.01	0.00	0.00
25800	0.006	0.006	0.006	0	7	0.527	0.019	4.024	33.33	-1138.35	-0.15	0.00
25900	0.005	0.005	0.005	0	15	0.196	0.028	4.024	28.52	-1139.11	0.07	0.00
26000	0.008	0.008	0.008	0	16	0.098	0.007	4.024	29.87	-1139.17	0.00	0.00
26100	0.007	0.007	0.007	0	19	0.228	0.010	3.917	26.02	-1139.35	0.00	-7.85
26200	0.005	0.005	0.005	0	13	0.270	0.073	3.863	26.08	-1138.97	0.00	0.00
26300	0.004	0.004	0.004	0	13	0.304	0.067	3.863	28.60	-1138.97	-0.00	0.33
26400	0.005	0.005	0.005	0	12	0.585	0.049	3.863	28.61	-1138.89	0.00	-8.14
26500	0.006	0.006	0.006	0	11	0.496	0.032	3.863	33.47	-1138.80	0.00	0.00
26600	0.003	0.003	0.003	0	12	0.540	0.074	3.863	36.40	-1138.89	0.00	-8.55
26700	0.003	0.003	0.003	0	14	0.215	0.049	3.863	31.86	-1139.04	0.00	-0.09
26800	0.005	0.005	0.005	0	12	0.425	0.045	3.863	37.16	-1138.89	0.00	0.00
26900	0.005	0.005	0.005	0	12	0.324	0.070	3.863	28.49	-1138.89	0.00	0.00
27000	0.003	0.003	0.003	0	10	0.322	0.060	3.863	31.17	-1138.71	0.00	0.00
27100	0.006	0.006	0.006	0	8	1.450	0.036	3.876	33.27	-1138.49	-0.00	0.20
27200	0.008	0.008	0.008	0	8	0.547	0.030	3.876	33.25	-1138.48	-0.00	0.00
27300	0.007	0.007	0.007	0	10	1.819	0.040	3.876	24.21	-1138.72	-0.11	0.00
27400	0.008	0.008	0.008	0	7	0.417	0.042	3.876	30.58	-1138.35	-0.00	0.00
27500	0.006	0.006	0.006	0	9	0.192	0.013	4.139	24.12	-1138.60	0.00	0.00
27600	0.010	0.010	0.010	0	7	0.490	0.004	4.137	25.80	-1138.35	-0.00	0.00
27700	0.009	0.009	0.009	0	5	0.350	0.004	3.691	30.15	-1138.01	-0.00	0.00
27800	0.005	0.005	0.005	0	8	0.132	0.051	4.010	30.84	-1138.48	0.00	0.00
27900	0.008	0.008	0.008	0	6	0.570	0.051	4.010	31.22	-1138.20	0.00	-7.65
28000	0.008	0.008	0.008	0	7	0.194	0.014	4.010	31.75	-1138.35	0.00	0.00
28100	0.006	0.006	0.006	0	7	0.111	0.014	4.075	29.43	-1138.35	0.00	-7.95
28200	0.008	0.008	0.008	0	6	0.480	0.014	3.923	33.98	-1138.19	0.00	-7.71
28300	0.008	0.008	0.008	0	7	0.537	0.014	3.923	31.04	-1138.35	0.00	0.00
28400	0.008	0.008	0.008	0	4	0.905	0.014	3.923	33.66	-1137.79	0.00	0.00
28500	0.007	0.007	0.007	0	5	1.503	0.020	3.923	31.33	-1138.02	-0.00	0.00
28600	0.009	0.009	0.009	0	6	0.754	0.017	3.923	29.62	-1138.20	-0.00	0.00
28700	0.007	0.007	0.007	0	4	0.285	0.017	3.923	30.74	-1137.79	0.29	0.00
28800	0.007	0.007	0.007	0	6	0.249	0.017	3.923	30.96	-1138.19	0.18	0.00
28900	0.008	0.008	0.008	0	4	0.516	0.015	3.913	29.98	-1137.79	0.00	0.00
29000	0.009	0.009	0.009	0	3	0.817	0.009	3.913	29.51	-1137.50	-0.00	0.20
29100	0.008	0.008	0.008	0	4	0.535	0.007	4.060	26.80	-1137.79	0.00	0.00
29200	0.007	0.007	0.007	0	4	0.361	0.009	4.060	26.47	-1137.79	-0.00	0.00
29300	0.007	0.007	0.007	0	6	0.323	0.009	3.898	32.65	-1138.19	0.00	0.00
29400	0.009	0.009	0.009	0	5	0.425	0.009	3.898	33.37	-1138.01	0.00	-7.64
29500	0.010	0.010	0.010	0	6	0.685	0.011	3.898	29.34	-1138.20	-0.15	0.00
29600	0.008	0.008	0.008	0	4	1.392	0.008	3.898	32.97	-1137.79	-0.00	0.00
29700	0.010	0.010	0.010	0	5	2.794	0.014	4.022	28.14	-1138.03	0.00	0.00
29800	0.008	0.008	0.008	0	6	2.053	0.020	4.022	28.69	-1138.21	-0.16	0.00
29900	0.011	0.011	0.011	0	6	1.120	0.022	4.022	27.47	-1138.20	0.00	-0.09
30000	0.010	0.010	0.010	0	5	0.610	0.044	4.022	30.13	-1138.01	0.00	0.00
30100	0.004	0.004	0.004	0	7	0.139	0.058	4.022	31.82	-1138.35	0.00	0.00
30200	0.006	0.006	0.006	0	7	0.283	0.040	3.937	34.38	-1138.35	0.00	-7.98
30300	0.006	0.006	0.006	0	7	0.360	0.060	3.849	32.27	-1138.35	-0.13	0.00
30400	0.008	0.008	0.008	0	7	0.484	0.032	3.849	31.26	-1138.35	0.15	0.00
30500	0.006	0.006	0.006	0	5	0.491	0.047	3.849	31.07	-1138.01	0.00	-8.01
30600	0.007	0.007	0.007	0	6	1.799	0.036	3.849	27.82	-1138.20	0.00	-7.85
30700	0.008	0.008	0.008	0	7	0.603	0.036	3.966	32.84	-1138.35	0.00	-7.73
30800	0.008	0.008	0.008	0	9	0.410	0.015	3.966	32.16	-1138.60	-0.00	0.00
30900	0.005	0.005	0.005	0	10	0.219	0.015	3.849	32.18	-1138.70	0.10	0.00
31000	0.008	0.008	0.008	0	11	0.186	0.016	3.849	29.85	-1138.80	-0.00	0.00
31100	0.009	0.009	0.009	0	10	0.118	0.016	3.849	32.78	-1138.70	0.11	0.00
31200	0.009	0.009	0.009	0	6	0.417	0.014	3.819	30.53	-1138.19	0.00	-7.53
31300	0.008	0.008	0.008	0	4	0.326	0.015	3.819	32.78	-1137.79	0.00	-0.45
31400	0.005	0.005	0.005	0	7	0.442	0.070	3.819	29.08	-1138.35	0.00	-8.16
31500	0.009	0.009	0.009	0	5	0.841	0.024	3.819	32.12	-1138.01	0.00	0.00
31600	0.007	0.007	0.007	0	5	1.406	0.027	4.060	28.68	-1138.02	0.00	-7.83
31700	0.006	0.006	0.006	0	6	0.382	0.050	4.060	31.81	-1138.19	0.00	0.00
31800	0.006	0.006	0.006	0	7	1.527	0.055	4.060	28.03	-1138.36	0.00	0.00
31900	0.010	0.010	0.010	0	7	0.211	0.039	4.060	28.66	-1138.35	0.00	-7.51
32000	0.008	0.008	0.008	0	7	0.349	0.021	4.060	31.57	-1138.35	0.00	0.00
32100	0.008	0.008	0.008	0	5	0.605	0.016	4.060	33.53	-1138.01	0.00	0.00
32200	0.008	0.008	0.008	0	6	0.103	0.020	3.821	32.04	-1138.19	0.18	0.00
32300	0.006	0.006	0.006	0	7	0.489	0.025	3.821	33.58	-1138.35	0.00	0.00
32400	0.006	0.006	0.006	0	5	0.890	0.018	3.821	29.75	-1138.01	0.00	0.00
32500	0.008	0.008	0.008	0	4	2.403	0.018	3.813	30.69	-1137.80	0.29	0.00
32600	0.006	0.006	0.006	0	4	1.289	0.082	3.911	30.95	-1137.79	-0.00	0.29
32700	0.007	0.007	0.007	0	5	1.540	0.051	3.911	30.29	-1138.02	0.00	-7.90
32800	0.007	0.007	0.007	0	6	0.264	0.071	3.911	30.37	-1138.19	0.00	-7.82
32900	0.005	0.005	0.005	0	7	0.886	0.071	3.964	32.54	-1138.35	-0.16	0.00
33000	0.004	0.004	0.004	0	10	0.286	0.071	3.964	30.10	-1138.70	-0.11	0.00
33100	0.005	0.005	0.005	0	8	0.236	0.050	3.964	34.12	-1138.48	0.00	0.00
33200	0.006	0.006	0.006	0	8	0.576	0.035	3.964	31.56	-1138.48	0.00	0.00
33300	0.009	0.009	0.009	0	8	0.633	0.025	3.964	31.26	-1138.49	-0.13	0.00
33400	0.006	0.006	0.006	0	11	0.284	0.028	3.964	28.87	-1138.80	-0.00	0.00
33500	0.007	0.007	0.007	0	9	0.308	0.028	3.964	30.17	-1138.60	0.00	0.00
33600	0.006	0.006	0.006	0	6	0.567	0.060	3.964	32.24	-1138.20	0.00	0.00
33700	0.006	0.006	0.006	0	7	0.436	0.060	3.802	29.28	-1138.35	0.00	0.00
33800	0.004	0.004	0.004	0	5	0.751	0.065	3.975	32.83	-1138.01	0.00	0.00
33900	0.008	0.008	0.008	0	6	2.845	0.065	3.975	27.19	-1138.21	0.00	-7.66
34000	0.006	0.006	0.006	0	5	2.734	0.060	3.975	28.03	-1138.03	0.00	0.00
34100	0.005	0.005	0.005	0	4	1.068	0.085	3.975	30.80	-1137.79	0.29	0.00
34200	0.004	0.004	0.004	0	4	1.312	0.073	3.975	30.60	-1137.79	-0.00	0.00
34300	0.005	0.005	0.005	0	6	1.212	0.054	3.896	30.83	-1138.20	0.00	-8.17
34400	0.006	0.006	0.006	0	7	2.634	0.056	3.924	27.47	-1138.37	0.00	-8.03
34500	0.007	0.007	0.007	0	5	2.396	0.033	3.989	30.04	-1138.02	0.00	0.00
34600	0.006	0.006	0.006	0	4	0.378	0.038	3.989	33.44	-1137.79	-0.22	0.00
34700	0.006	0.006	0.006	0	5	0.588	0.038	3.989	31.23	-1138.01	0.18	0.00
34800	0.007	0.007	0.007	0	6	0.732	0.038	3.848	32.50	-1138.20	0.00	-7.89
34900	0.008	0.008	0.008	0	4	0.938	0.039	3.940	33.19	-1137.79	0.00	-7.75
35000	0.007	0.007	0.007	0	4	1.348	0.025	3.940	33.04	-1137.79	0.00	0.00
35100	0.008	0.008	0.008	0	6	0.302	0.044	3.940	34.19	-1138.19	-0.00	0.00
35200	0.005	0.005	0.005	0	13	0.153	0.044	3.940	34.26	-1138.97	0.00	0.00
35300	0.006	0.006	0.006	0	11	0.147	0.044	3.940	32.78	-1138.80	0.00	0.00
35400	0.006	0.006	0.006	0	5	0.658	0.055	3.940	34.70	-1138.01	0.00	0.00
35500	0.005	0.005	0.005	0	7	0.636	0.057	3.918	33.16	-1138.35	0.00	-0.16
35600	0.005	0.005	0.005	0	9	0.111	0.077	3.918	32.88	-1138.60	0.00	0.00
35700	0.006	0.006	0.006	0	7	0.430	0.077	3.872	29.26	-1138.35	0.13	0.00
35800	0.003	0.003	0.003	0	6	2.033	0.066	3.942	25.50	-1138.20	-0.00	0.00
35900	0.008	0.008	0.008	0	3	1.664	0.066	3.942	27.20	-1137.50	0.00	0.00
36000	0.009	0.009	0.009	0	3	1.644	0.066	3.942	26.94	-1137.51	0.00	-7.64
36100	0.005	0.005	0.005	0	3	2.485	0.097	3.912	24.36	-1137.51	-0.29	0.00
36200	0.009	0.009	0.009	0	4	2.588	0.038	3.912	27.28	-1137.80	-0.29	0.00
36300	0.008	0.008	0.008	0	3	2.041	0.049	3.912	27.79	-1137.51	0.41	0.00
36400	0.009	0.009	0.009	0	4	0.562	0.049	3.905	26.62	-1137.79	0.00	0.00
36500	0.009	0.009	0.009	0	4	1.612	0.047	3.905	25.99	-1137.79	0.00	0.00
36600	0.007	0.007	0.007	0	3	1.358	0.048	3.979	28.18	-1137.50	0.00	0.00
36700	0.008	0.008	0.008	0	4	0.881	0.025	3.979	28.93	-1137.79	0.00	0.00
36800	0.009	0.009	0.009	0	6	0.537	0.021	3.979	26.73	-1138.20	0.00	0.00
36900	0.007	0.007	0.007	0	7	0.956	0.020	3.979	25.61	-1138.35	0.16	0.00
37000	0.010	0.010	0.010	0	4	0.825	0.029	3.979	31.71	-1137.79	-0.00	0.00
37100	0.008	0.008	0.008	0	7	0.436	0.029	3.979	31.24	-1138.35	-0.00	0.00
37200	0.008	0.008	0.008	0	8	0.595	0.031	3.989	32.79	-1138.48	0.00	0.00
37300	0.009	0.009	0.009	0	7	0.355	0.033	3.989	29.24	-1138.35	0.00	0.00
37400	0.008	0.008	0.008	0	8	0.179	0.031	3.989	30.25	-1138.48	-0.13	0.00
37500	0.005	0.005	0.005	0	7	0.416	0.031	3.989	31.28	-1138.35	0.13	0.00
37600	0.008	0.008	0.008	0	7	0.192	0.031	3.989	31.83	-1138.35	0.00	0.00
37700	0.005	0.005	0.005	0	5	0.884	0.037	3.989	32.72	-1138.01	0.00	0.00
37800	0.008	0.008	0.008	0	5	2.108	0.025	3.989	29.96	-1138.02	0.00	0.00
37900	0.007	0.007	0.007	0	5	1.364	0.032	3.989	31.72	-1138.02	0.00	-7.89
38000	0.007	0.007	0.007	0	7	0.188	0.031	3.989	30.23	-1138.35	0.00	0.00
38100	0.008	0.008	0.008	0	5	0.649	0.007	3.983	32.93	-1138.01	0.00	-7.75
38200	0.006	0.006	0.006	0	8	0.302	0.011	3.809	31.68	-1138.48	0.00	0.00
38300	0.007	0.007	0.007	0	7	0.669	0.011	4.014	32.76	-1138.35	-0.13	0.00
38400	0.006	0.006	0.006	0	4	0.509	0.013	4.013	31.45	-1137.79	0.00	0.00
38500	0.007	0.007	0.007	0	13	0.195	0.015	4.013	29.37	-1138.97	0.00	0.00
38600	0.005	0.005	0.005	0	12	0.116	0.047	4.013	32.11	-1138.89	-0.00	0.00
38700	0.006	0.006	0.006	0	15	0.115	0.047	3.857	27.38	-1139.11	0.00	-0.34
38800	0.007	0.007	0.007	0	14	0.227	0.047	3.857	26.68	-1139.04	0.00	-7.83
38900	0.007	0.007	0.007	0	11	0.203	0.026	3.796	29.18	-1138.80	0.00	-7.77
39000	0.006	0.006	0.006	0	7	0.433	0.062	3.810	30.28	-1138.35	-0.00	0.00
39100	0.007	0.007	0.007	0	6	0.525	0.074	4.086	28.75	-1138.19	0.00	-7.86
39200	0.004	0.004	0.004	0	10	0.851	0.062	3.771	26.21	-1138.71	0.10	0.00
39300	0.004	0.004	0.004	0	8	0.472	0.062	3.823	26.20	-1138.48	-0.00	0.00
39400	0.005	0.005	0.005	0	6	0.168	0.053	3.823	28.63	-1138.19	0.00	-0.15
39500	0.007	0.007	0.007	0	4	0.469	0.034	3.823	32.66	-1137.79	0.00	-7.77
39600	0.008	0.008	0.008	0	4	1.551	0.058	3.823	30.30	-1137.79	0.00	0.00
39700	0.006	0.006	0.006	0	6	0.271	0.058	3.823	32.08	-1138.19	0.00	0.00
39800	0.006	0.006	0.006	0	5	1.179	0.056	3.823	29.67	-1138.02	0.00	0.00
39900	0.006	0.006	0.006	0	4	0.557	0.057	4.019	32.36	-1137.79	0.29	0.00
40000	0.007	0.007	0.007	0	5	0.435	0.037	4.019	32.74	-1138.01	0.00	-7.81
40100	0.009	0.009	0.009	0	6	1.229	0.037	3.976	30.48	-1138.20	-0.16	0.00
40200	0.008	0.008	0.008	0	5	1.166	0.023	3.976	31.39	-1138.02	-0.00	0.00
40300	0.008	0.008	0.008	0	4	1.163	0.014	3.935	33.29	-1137.79	0.00	0.00
40400	0.009	0.009	0.009	0	6	0.248	0.011	3.935	33.40	-1138.19	0.00	-7.53
40500	0.009	0.009	0.009	0	4	0.758	0.017	3.935	33.48	-1137.79	0.00	0.00
40600	0.005	0.005	0.005	0	8	0.804	0.017	3.935	30.89	-1138.49	0.00	-8.08
40700	0.006	0.006	0.006	0	6	0.859	0.017	3.935	32.73	-1138.20	0.00	0.00
40800	0.006	0.006	0.006	0	5	1.506	0.034	3.985	33.49	-1138.02	0.00	0.00
40900	0.007	0.007	0.007	0	4	1.162	0.034	3.985	32.80	-1137.79	-0.22	0.00
41000	0.004	0.004	0.004	0	4	5.087	0.049	3.985	26.73	-1137.81	0.00	-8.37
41100	0.006	0.006	0.006	0	4	1.734	0.049	3.985	31.89	-1137.79	0.00	-7.93
41200	0.010	0.010	0.010	0	4	1.344	0.010	3.941	26.85	-1137.79	0.00	0.00
41300	0.009	0.009	0.009	0	8	0.145	0.030	4.030	25.47	-1138.48	0.00	-7.56
41400	0.006	0.006	0.006	0	5	1.764	0.030	4.030	20.98	-1138.02	-0.00	0.00
41500	0.006	0.006	0.006	0	5	0.491	0.028	4.023	28.13	-1138.01	0.22	0.00
41600	0.010	0.010	0.010	0	4	0.139	0.028	4.023	27.54	-1137.79	0.00	0.00
41700	0.009	0.009	0.009	0	3	2.132	0.028	4.023	27.76	-1137.51	0.00	0.00
41800	0.009	0.009	0.009	0	4	0.286	0.049	4.023	26.85	-1137.79	0.00	0.00
41900	0.011	0.011	0.011	0	4	0.699	0.049	4.023	24.70	-1137.79	0.29	0.00
42000	0.008	0.008	0.008	0	5	0.315	0.072	4.023	25.34	-1138.01	0.00	-7.67
42100	0.009	0.009	0.009	0	3	0.562	0.063	3.864	27.07	-1137.50	0.00	-7.55
42200	0.007	0.007	0.007	0	3	2.596	0.063	3.927	26.98	-1137.51	0.00	-0.12
42300	0.007	0.007	0.007	0	3	1.594	0.063	3.927	27.51	-1137.50	0.00	0.00
42400	0.006	0.006	0.006	0	5	1.705	0.063	3.900	31.77	-1138.02	-0.00	0.00
42500	0.005	0.005	0.005	0	4	0.899	0.063	3.900	31.92	-1137.79	0.00	-8.23
42600	0.005	0.005	0.005	0	4	0.876	0.063	4.003	31.37	-1137.79	0.29	0.00
42700	0.005	0.005	0.005	0	5	1.343	0.063	4.003	29.26	-1138.02	0.00	-8.24
42800	0.009	0.009	0.009	0	6	4.130	0.063	4.003	24.69	-1138.22	-0.01	0.50
42900	0.007	0.007	0.007	0	4	2.311	0.046	4.003	31.18	-1137.80	0.29	0.00
43000	0.006	0.006	0.006	0	4	1.213	0.033	4.007	31.23	-1137.79	0.00	0.00
43100	0.006	0.006	0.006	0	5	0.391	0.028	4.007	33.59	-1138.01	0.00	0.00
43200	0.009	0.009	0.009	0	4	1.398	0.028	4.007	31.85	-1137.79	0.00	-7.62
43300	0.006	0.006	0.006	0	5	1.013	0.030	3.830	32.82	-1138.01	-0.00	0.00
43400	0.006	0.006	0.006	0	6	0.200	0.063	3.830	32.20	-1138.19	0.00	0.00
43500	0.005	0.005	0.005	0	8	0.513	0.063	3.830	31.80	-1138.48	-0.00	0.00
43600	0.008	0.008	0.008	0	7	0.845	0.041	3.830	31.47	-1138.35	0.15	0.00
43700	0.009	0.009	0.009	0	8	0.204	0.039	3.830	29.49	-1138.48	0.00	-7.59
43800	0.006	0.006	0.006	0	4	0.332	0.006	4.042	31.53	-1137.79	0.00	-7.98
43900	0.005	0.005	0.005	0	6	0.449	0.005	4.042	29.11	-1138.19	0.00	-8.09
44000	0.008	0.008	0.008	0	7	0.195	0.051	4.042	29.76	-1138.35	0.00	0.00
44100	0.006	0.006	0.006	0	8	0.504	0.069	4.000	29.65	-1138.48	0.12	0.00
44200	0.005	0.005	0.005	0	7	0.388	0.069	4.000	29.77	-1138.35	0.00	0.00
44300	0.005	0.005	0.005	0	9	0.520	0.076	3.905	28.97	-1138.60	-0.00	0.00
44400	0.004	0.004	0.004	0	8	0.293	0.080	3.905	33.92	-1138.48	-0.00	0.46
44500	0.006	0.006	0.006	0	8	0.348	0.012	3.961	36.69	-1138.48	0.12	0.00
44600	0.009	0.009	0.009	0	10	0.254	0.010	3.961	32.87	-1138.71	-0.11	0.00
44700	0.008	0.008	0.008	0	11	0.391	0.008	4.009	29.80	-1138.80	0.00	0.00
44800	0.006	0.006	0.006	0	8	0.370	0.008	3.949	32.26	-1138.48	-0.00	0.00
44900	0.007	0.007	0.007	0	9	0.308	0.045	3.868	31.62	-1138.60	0.00	-7.82
45000	0.007	0.007	0.007	0	8	0.785	0.047	3.925	31.19	-1138.49	0.00	0.00
45100	0.006	0.006	0.006	0	5	0.423	0.027	3.925	35.63	-1138.01	0.00	-8.05
45200	0.009	0.009	0.009	0	5	0.863	0.027	3.925	32.03	-1138.01	-0.00	0.00
45300	0.007	0.007	0.007	0	4	0.831	0.047	3.925	33.35	-1137.79	0.00	-7.88
45400	0.008	0.008	0.008	0	5	0.985	0.052	3.925	31.57	-1138.02	0.00	0.00
45500	0.004	0.004	0.004	0	4	0.534	0.069	4.035	30.27	-1137.79	-0.00	0.33
45600	0.006	0.006	0.006	0	5	0.357	0.045	4.035	33.71	-1138.01	0.00	0.00
45700	0.007	0.007	0.007	0	5	1.986	0.031	4.035	30.79	-1138.02	0.00	0.00
45800	0.010	0.010	0.010	0	5	0.548	0.031	4.035	31.42	-1138.01	-0.00	0.00
45900	0.007	0.007	0.007	0	4	0.243	0.031	3.944	33.96	-1137.79	0.00	0.00
46000	0.006	0.006	0.006	0	8	0.195	0.031	3.944	33.20	-1138.48	0.00	-8.00
46100	0.005	0.005	0.005	0	5	0.455	0.031	3.944	32.81	-1138.01	0.00	0.00
46200	0.006	0.006	0.006	0	4	2.220	0.080	3.944	30.24	-1137.80	0.00	0.00
46300	0.006	0.006	0.006	0	4	2.534	0.080	3.970	29.73	-1137.80	0.00	-0.06
46400	0.008	0.008	0.008	0	3	3.346	0.087	3.970	24.55	-1137.51	0.00	-7.71
46500	0.005	0.005	0.005	0	3	2.466	0.087	3.970	24.71	-1137.51	0.00	0.00
46600	0.007	0.007	0.007	0	4	1.158	0.056	3.970	25.93	-1137.79	-0.00	0.00
46700	0.014	0.014	0.014	0	3	1.052	0.027	3.825	24.14	-1137.50	-0.29	0.00
46800	0.009	0.009	0.009	0	6	0.439	0.031	4.036	26.22	-1138.19	0.00	0.00
46900	0.009	0.009	0.009	0	10	0.102	0.002	4.036	22.11	-1138.70	-0.00	0.00
47000	0.009	0.009	0.009	0	13	0.133	0.019	4.036	24.06	-1138.97	-0.08	0.00
47100	0.008	0.008	0.008	0	17	0.094	0.019	4.036	26.92	-1139.23	-0.06	0.00
47200	0.005	0.005	0.005	0	16	0.340	0.021	3.937	31.48	-1139.18	0.06	0.00
47300	0.003	0.003	0.003	0	16	0.407	0.052	3.937	33.80	-1139.18	-0.06	0.00
47400	0.005	0.005	0.005	0	16	0.064	0.052	3.944	36.54	-1139.17	0.00	-8.26
47500	0.005	0.005	0.005	0	21	0.083	0.030	3.944	37.72	-1139.45	-0.01	0.00
47600	0.004	0.004	0.004	0	17	0.092	0.030	3.841	37.80	-1139.23	0.00	-0.17
47700	0.009	0.009	0.009	0	15	0.074	0.030	3.890	26.55	-1139.11	-0.00	0.00
47800	0.006	0.006	0.006	0	13	0.199	0.009	3.890	30.23	-1138.97	-0.00	0.00
47900	0.007	0.007	0.007	0	14	0.107	0.014	3.890	27.96	-1139.04	0.07	0.00
48000	0.008	0.008	0.008	0	16	0.148	0.023	3.944	31.82	-1139.17	-0.00	0.00
48100	0.008	0.008	0.008	0	16	0.187	0.031	3.944	26.15	-1139.18	0.06	0.00
48200	0.007	0.007	0.007	0	13	0.105	0.021	3.854	33.78	-1138.97	0.08	0.00
48300	0.005	0.005	0.005	0	11	0.187	0.006	3.812	34.67	-1138.80	0.10	0.00
48400	0.004	0.004	0.004	0	15	0.772	0.006	3.812	31.96	-1139.12	-0.00	0.07
48500	0.006	0.006	0.006	0	13	0.394	0.006	3.791	35.26	-1138.97	0.00	0.00
48600	0.005	0.005	0.005	0	14	0.626	0.006	3.791	34.34	-1139.05	-0.00	0.07
48700	0.006	0.006	0.006	0	14	0.905	0.008	3.843	29.89	-1139.05	-0.00	0.00
48800	0.008	0.008	0.008	0	17	0.206	0.008	3.843	26.59	-1139.24	0.00	-0.40
48900	0.007	0.007	0.007	0	15	0.330	0.006	3.843	28.71	-1139.11	0.00	0.00
49000	0.006	0.006	0.006	0	15	0.258	0.005	3.843	37.18	-1139.11	0.00	-0.15
49100	0.003	0.003	0.003	0	16	0.099	0.006	3.843	31.71	-1139.17	0.00	-8.54
49200	0.006	0.006	0.006	0	17	0.161	0.006	3.843	33.88	-1139.24	0.06	0.00
49300	0.003	0.003	0.003	0	19	0.147	0.057	3.843	29.92	-1139.35	0.00	0.00
49400	0.002	0.002	0.002	0	18	0.095	0.088	3.865	29.68	-1139.29	-0.01	0.00
49500	0.003	0.003	0.003	0	17	0.108	0.088	3.865	30.52	-1139.23	0.00	0.00
49600	0.002	0.002	0.002	0	19	0.205	0.088	3.865	30.54	-1139.35	0.00	0.00
49700	0.001	0.001	0.001	0	18	0.128	0.088	3.795	37.08	-1139.29	0.00	0.00
49800	0.001	0.001	0.001	0	21	0.123	0.088	3.795	37.95	-1139.45	0.00	0.00
49900	0.001	0.001	0.001	0	22	0.155	0.088	3.795	33.79	-1139.49	-0.04	0.00
50000	0.001	0.001	0.001	0	25	0.106	0.088	3.795	37.46	-1139.62	0.00	0.00
